# JRE version: OpenJDK Runtime Environment (17.0.11) (build 17.0.11+0--11852314)
# Java VM: OpenJDK 64-Bit Server VM (17.0.11+0--11852314, mixed mode, tiered, compressed oops, compressed class ptrs, g1 gc, windows-amd64)
GC Precious Log:
 CPUs: 8 total, 8 available
 Memory: 6081M
 Large Page Support: Disabled
 NUMA Support: Disabled
 Compressed Oops: Enabled (32-bit)
 Heap Region Size: 1M
 Heap Min Capacity: 8M
 Heap Initial Capacity: 96M
 Heap Max Capacity: 2G
 Pre-touch: Disabled
 Parallel Workers: 8
 Concurrent Workers: 2
 Concurrent Refinement Workers: 8
 Periodic GC: Disabled
Heap:
 garbage-first heap   total 408576K, used 219301K [0x0000000080000000, 0x0000000100000000)
  region size 1024K, 7 young (7168K), 7 survivors (7168K)
 Metaspace       used 192963K, committed 194048K, reserved 1245184K
  class space    used 24853K, committed 25344K, reserved 1048576K
GC Heap History (20 events):
Event: 536.970 GC heap after
{Heap after GC invocations=72 (full 0):
 garbage-first heap   total 239616K, used 200066K [0x0000000080000000, 0x0000000100000000)
  region size 1024K, 2 young (2048K), 2 survivors (2048K)
 Metaspace       used 181389K, committed 182336K, reserved 1245184K
  class space    used 23518K, committed 23936K, reserved 1048576K
}
Event: 538.730 GC heap before
{Heap before GC invocations=72 (full 0):
 garbage-first heap   total 239616K, used 209282K [0x0000000080000000, 0x0000000100000000)
  region size 1024K, 11 young (11264K), 2 survivors (2048K)
 Metaspace       used 182068K, committed 183040K, reserved 1245184K
  class space    used 23589K, committed 24064K, reserved 1048576K
}
Event: 538.750 GC heap after
{Heap after GC invocations=73 (full 0):
 garbage-first heap   total 287744K, used 201181K [0x0000000080000000, 0x0000000100000000)
  region size 1024K, 1 young (1024K), 1 survivors (1024K)
 Metaspace       used 182068K, committed 183040K, reserved 1245184K
  class space    used 23589K, committed 24064K, reserved 1048576K
}
Event: 542.355 GC heap before
{Heap before GC invocations=73 (full 0):
 garbage-first heap   total 287744K, used 241117K [0x0000000080000000, 0x0000000100000000)
  region size 1024K, 40 young (40960K), 1 survivors (1024K)
 Metaspace       used 182506K, committed 183488K, reserved 1245184K
  class space    used 23641K, committed 24128K, reserved 1048576K
}
Event: 542.381 GC heap after
{Heap after GC invocations=74 (full 0):
 garbage-first heap   total 287744K, used 208407K [0x0000000080000000, 0x0000000100000000)
  region size 1024K, 5 young (5120K), 5 survivors (5120K)
 Metaspace       used 182506K, committed 183488K, reserved 1245184K
  class space    used 23641K, committed 24128K, reserved 1048576K
}
Event: 542.961 GC heap before
{Heap before GC invocations=74 (full 0):
 garbage-first heap   total 287744K, used 242199K [0x0000000080000000, 0x0000000100000000)
  region size 1024K, 38 young (38912K), 5 survivors (5120K)
 Metaspace       used 182508K, committed 183488K, reserved 1245184K
  class space    used 23641K, committed 24128K, reserved 1048576K
}
Event: 543.020 GC heap after
{Heap after GC invocations=75 (full 0):
 garbage-first heap   total 287744K, used 218796K [0x0000000080000000, 0x0000000100000000)
  region size 1024K, 5 young (5120K), 5 survivors (5120K)
 Metaspace       used 182508K, committed 183488K, reserved 1245184K
  class space    used 23641K, committed 24128K, reserved 1048576K
}
Event: 543.473 GC heap before
{Heap before GC invocations=75 (full 0):
 garbage-first heap   total 287744K, used 243372K [0x0000000080000000, 0x0000000100000000)
  region size 1024K, 29 young (29696K), 5 survivors (5120K)
 Metaspace       used 182572K, committed 183616K, reserved 1245184K
  class space    used 23641K, committed 24128K, reserved 1048576K
}
Event: 543.491 GC heap after
{Heap after GC invocations=76 (full 0):
 garbage-first heap   total 287744K, used 224849K [0x0000000080000000, 0x0000000100000000)
  region size 1024K, 4 young (4096K), 4 survivors (4096K)
 Metaspace       used 182572K, committed 183616K, reserved 1245184K
  class space    used 23641K, committed 24128K, reserved 1048576K
}
Event: 545.483 GC heap before
{Heap before GC invocations=76 (full 0):
 garbage-first heap   total 287744K, used 246353K [0x0000000080000000, 0x0000000100000000)
  region size 1024K, 24 young (24576K), 4 survivors (4096K)
 Metaspace       used 182664K, committed 183744K, reserved 1245184K
  class space    used 23644K, committed 24128K, reserved 1048576K
}
Event: 545.495 GC heap after
{Heap after GC invocations=77 (full 0):
 garbage-first heap   total 287744K, used 230163K [0x0000000080000000, 0x0000000100000000)
  region size 1024K, 3 young (3072K), 3 survivors (3072K)
 Metaspace       used 182664K, committed 183744K, reserved 1245184K
  class space    used 23644K, committed 24128K, reserved 1048576K
}
Event: 545.536 GC heap before
{Heap before GC invocations=77 (full 0):
 garbage-first heap   total 287744K, used 246547K [0x0000000080000000, 0x0000000100000000)
  region size 1024K, 19 young (19456K), 3 survivors (3072K)
 Metaspace       used 182667K, committed 183744K, reserved 1245184K
  class space    used 23644K, committed 24128K, reserved 1048576K
}
Event: 545.588 GC heap after
{Heap after GC invocations=78 (full 0):
 garbage-first heap   total 287744K, used 230720K [0x0000000080000000, 0x0000000100000000)
  region size 1024K, 1 young (1024K), 1 survivors (1024K)
 Metaspace       used 182667K, committed 183744K, reserved 1245184K
  class space    used 23644K, committed 24128K, reserved 1048576K
}
Event: 545.938 GC heap before
{Heap before GC invocations=78 (full 0):
 garbage-first heap   total 287744K, used 248128K [0x0000000080000000, 0x0000000100000000)
  region size 1024K, 18 young (18432K), 1 survivors (1024K)
 Metaspace       used 182669K, committed 183744K, reserved 1245184K
  class space    used 23644K, committed 24128K, reserved 1048576K
}
Event: 545.942 GC heap after
{Heap after GC invocations=79 (full 0):
 garbage-first heap   total 287744K, used 231917K [0x0000000080000000, 0x0000000100000000)
  region size 1024K, 3 young (3072K), 3 survivors (3072K)
 Metaspace       used 182669K, committed 183744K, reserved 1245184K
  class space    used 23644K, committed 24128K, reserved 1048576K
}
Event: 549.527 GC heap before
{Heap before GC invocations=80 (full 0):
 garbage-first heap   total 408576K, used 248301K [0x0000000080000000, 0x0000000100000000)
  region size 1024K, 19 young (19456K), 3 survivors (3072K)
 Metaspace       used 183048K, committed 184064K, reserved 1245184K
  class space    used 23671K, committed 24128K, reserved 1048576K
}
Event: 549.546 GC heap after
{Heap after GC invocations=81 (full 0):
 garbage-first heap   total 408576K, used 234099K [0x0000000080000000, 0x0000000100000000)
  region size 1024K, 3 young (3072K), 3 survivors (3072K)
 Metaspace       used 183048K, committed 184064K, reserved 1245184K
  class space    used 23671K, committed 24128K, reserved 1048576K
}
Event: 551.056 GC heap before
{Heap before GC invocations=81 (full 0):
 garbage-first heap   total 408576K, used 250483K [0x0000000080000000, 0x0000000100000000)
  region size 1024K, 19 young (19456K), 3 survivors (3072K)
 Metaspace       used 184067K, committed 185088K, reserved 1245184K
  class space    used 23798K, committed 24256K, reserved 1048576K
}
Event: 551.122 GC heap after
{Heap after GC invocations=82 (full 0):
 garbage-first heap   total 408576K, used 213801K [0x0000000080000000, 0x0000000100000000)
  region size 1024K, 1 young (1024K), 1 survivors (1024K)
 Metaspace       used 184067K, committed 185088K, reserved 1245184K
  class space    used 23798K, committed 24256K, reserved 1048576K
}
Event: 555.030 GC heap before
{Heap before GC invocations=82 (full 0):
 garbage-first heap   total 408576K, used 324393K [0x0000000080000000, 0x0000000100000000)
  region size 1024K, 105 young (107520K), 1 survivors (1024K)
 Metaspace       used 192963K, committed 194048K, reserved 1245184K
  class space    used 24853K, committed 25344K, reserved 1048576K
}

